-------------------------------------------------------------------------------
Test set: TestSuite
-------------------------------------------------------------------------------
Tests run: 5, Failures: 1, Errors: 0, Skipped: 0, Time elapsed: 8.72 s <<< FAILURE! - in TestSuite
test1(TestNG.DependsOnMethods)  Time elapsed: 0.003 s  <<< FAILURE!
java.lang.ArithmeticException: / by zero
	at TestNG.DependsOnMethods.test1(DependsOnMethods.java:11)

